<?xml version="1.0" ?>
<!DOCTYPE coverage SYSTEM "http://cobertura.sourceforge.net/xml/coverage-04.dtd">
<coverage lines-valid="16"  lines-covered="16"  line-rate="1"  branches-valid="6"  branches-covered="6"  branch-rate="1"  timestamp="1593758761533" complexity="0" version="0.1">
<sources>
	<source>C:\Users\krishna sree\Desktop\online training\wanderlust-angular\wanderlust-web-service</source>
</sources>
<packages>
	<package name="utilities"  line-rate="1"  branch-rate="1" >
	<classes>
		<class name="validator.js"  filename="src\utilities\validator.js"  line-rate="1"  branch-rate="1" >
		<methods>
		</methods>
		<lines>
			<line number="1"  hits="1"  branch="false" />
			<line number="4"  hits="1"  branch="false" />
			<line number="5"  hits="2"  branch="false" />
			<line number="6"  hits="2"  branch="true"  condition-coverage="100% (2/2)" />
			<line number="7"  hits="1"  branch="false" />
			<line number="10"  hits="1"  branch="false" />
			<line number="14"  hits="1"  branch="false" />
			<line number="15"  hits="2"  branch="false" />
			<line number="16"  hits="2"  branch="true"  condition-coverage="100% (2/2)" />
			<line number="17"  hits="1"  branch="false" />
			<line number="20"  hits="1"  branch="false" />
			<line number="25"  hits="1"  branch="false" />
			<line number="26"  hits="2"  branch="true"  condition-coverage="100% (2/2)" />
			<line number="27"  hits="1"  branch="false" />
			<line number="30"  hits="1"  branch="false" />
			<line number="34"  hits="1"  branch="false" />
		</lines>
		</class>
	</classes>
	</package>
</packages>
</coverage>
